TN:
SF:src/RebaseToken.sol
DA:33,12
FN:33,RebaseToken.grantMintAndBurnRole
FNDA:12,RebaseToken.grantMintAndBurnRole
DA:34,12
DA:42,777
FN:42,RebaseToken.setInterestRate
FNDA:777,RebaseToken.setInterestRate
DA:44,518
BRDA:44,0,0,259
DA:45,259
DA:50,259
DA:51,259
DA:59,518
FN:59,RebaseToken.getPrincipleBalanceOf
FNDA:518,RebaseToken.getPrincipleBalanceOf
DA:62,518
DA:70,2072
FN:70,RebaseToken.mint
FNDA:2072,RebaseToken.mint
DA:74,2071
DA:75,2071
DA:76,2071
DA:84,519
FN:84,RebaseToken.burn
FNDA:519,RebaseToken.burn
DA:88,518
DA:89,518
DA:92,5695
FN:92,RebaseToken.balanceOf
FNDA:5695,RebaseToken.balanceOf
DA:95,11392
DA:96,11392
DA:107,518
FN:107,RebaseToken.transfer
FNDA:518,RebaseToken.transfer
DA:111,518
DA:112,518
DA:113,518
BRDA:113,1,0,-
DA:114,0
DA:116,518
BRDA:116,2,0,518
DA:117,518
DA:119,518
DA:129,518
FN:129,RebaseToken.transferFrom
FNDA:518,RebaseToken.transferFrom
DA:134,518
DA:135,518
DA:136,518
BRDA:136,3,0,-
DA:137,0
DA:139,518
BRDA:139,4,0,518
DA:140,518
DA:142,518
DA:150,11392
FN:150,RebaseToken._calculateUserAccumulatedInterestSinceUpdate
FNDA:11392,RebaseToken._calculateUserAccumulatedInterestSinceUpdate
DA:157,11392
DA:159,11392
DA:167,4661
FN:167,RebaseToken._mintAccruedInterest
FNDA:4661,RebaseToken._mintAccruedInterest
DA:169,4661
DA:171,4661
DA:173,4661
DA:175,4661
DA:177,4661
DA:184,518
FN:184,RebaseToken.getInterestRate
FNDA:518,RebaseToken.getInterestRate
DA:185,518
DA:193,1036
FN:193,RebaseToken.getUserInterestrate
FNDA:1036,RebaseToken.getUserInterestrate
DA:196,1036
FNF:12
FNH:12
LF:48
LH:46
BRF:5
BRH:3
end_of_record
TN:
SF:src/Vault.sol
DA:19,12
FN:19,Vault.constructor
FNDA:12,Vault.constructor
DA:20,12
DA:28,2071
FN:28,Vault.deposit
FNDA:2071,Vault.deposit
DA:30,2071
DA:31,2071
DA:38,518
FN:38,Vault.redeem
FNDA:518,Vault.redeem
DA:39,518
BRDA:39,0,0,518
DA:40,518
DA:43,518
DA:45,518
DA:46,518
BRDA:46,1,0,-
DA:47,0
DA:49,518
DA:56,1
FN:56,Vault.getRebaseTokenAddress
FNDA:1,Vault.getRebaseTokenAddress
DA:57,1
FNF:4
FNH:4
LF:15
LH:14
BRF:2
BRH:1
end_of_record
